<?xml version="1.0" encoding="UTF-8" ?>
<testsuite tests="8" failures="1" name="TestYandexScooterFAQFirefox" time="46.19" errors="0" skipped="0">
  <properties>
[...]
</properties>
  <testcase classname="TestYandexScooterFAQFirefox" name="testHomePageScooterFAQ1Firefox" time="5.776"/>
  <testcase classname="TestYandexScooterFAQFirefox" name="testHomePageScooterFAQ6Firefox" time="5.675"/>
  <testcase classname="TestYandexScooterFAQFirefox" name="testHomePageScooterFAQ4Firefox" time="5.954"/>
  <testcase classname="TestYandexScooterFAQFirefox" name="testHomePageScooterFAQ2Firefox" time="5.682"/>
  <testcase classname="TestYandexScooterFAQFirefox" name="testHomePageScooterFAQ7Firefox" time="5.838"/>
  <testcase classname="TestYandexScooterFAQFirefox" name="testHomePageScooterFAQ5Firefox" time="5.834"/>
  <testcase classname="TestYandexScooterFAQFirefox" name="testHomePageScooterFAQ3Firefox" time="5.826"/>
  <testcase classname="TestYandexScooterFAQFirefox" name="testHomePageScooterFAQ8Firefox" time="5.605">
    <failure type="java.lang.AssertionError">java.lang.AssertionError
	at org.junit.Assert.fail(Assert.java:86)
	at org.junit.Assert.assertTrue(Assert.java:41)
	at org.junit.Assert.assertTrue(Assert.java:52)
	at ru.yandex.praktikum.sprint_4.POM.HomePageScooterPOM.isDisplayedFaqQuestion(HomePageScooterPOM.java:107)
	at TestYandexScooterFAQFirefox.testHomePageScooterFAQ8Firefox(TestYandexScooterFAQFirefox.java:76)
	at java.base/jdk.internal.reflect.NativeMethodAccessorImpl.invoke0(Native Method)
	at java.base/jdk.internal.reflect.NativeMethodAccessorImpl.invoke(NativeMethodAccessorImpl.java:62)
	at java.base/jdk.internal.reflect.DelegatingMethodAccessorImpl.invoke(DelegatingMethodAccessorImpl.java:43)
	at java.base/java.lang.reflect.Method.invoke(Method.java:566)
	at org.junit.runners.model.FrameworkMethod$1.runReflectiveCall(FrameworkMethod.java:50)
	at org.junit.internal.runners.model.ReflectiveCallable.run(ReflectiveCallable.java:12)
	at org.junit.runners.model.FrameworkMethod.invokeExplosively(FrameworkMethod.java:47)
	at org.junit.internal.runners.statements.InvokeMethod.evaluate(InvokeMethod.java:17)
	at org.junit.internal.runners.statements.RunBefores.evaluate(RunBefores.java:26)
	at org.junit.internal.runners.statements.RunAfters.evaluate(RunAfters.java:27)
	at org.junit.runners.ParentRunner.runLeaf(ParentRunner.java:325)
	at org.junit.runners.BlockJUnit4ClassRunner.runChild(BlockJUnit4ClassRunner.java:78)
	at org.junit.runners.BlockJUnit4ClassRunner.runChild(BlockJUnit4ClassRunner.java:57)
	at org.junit.runners.ParentRunner$3.run(ParentRunner.java:290)
	at org.junit.runners.ParentRunner$1.schedule(ParentRunner.java:71)
	at org.junit.runners.ParentRunner.runChildren(ParentRunner.java:288)
	at org.junit.runners.ParentRunner.access$000(ParentRunner.java:58)
	at org.junit.runners.ParentRunner$2.evaluate(ParentRunner.java:268)
	at org.junit.runners.ParentRunner.run(ParentRunner.java:363)
	at org.apache.maven.surefire.junit4.JUnit4Provider.execute(JUnit4Provider.java:252)
	at org.apache.maven.surefire.junit4.JUnit4Provider.executeTestSet(JUnit4Provider.java:141)
	at org.apache.maven.surefire.junit4.JUnit4Provider.invoke(JUnit4Provider.java:112)
	at java.base/jdk.internal.reflect.NativeMethodAccessorImpl.invoke0(Native Method)
	at java.base/jdk.internal.reflect.NativeMethodAccessorImpl.invoke(NativeMethodAccessorImpl.java:62)
	at java.base/jdk.internal.reflect.DelegatingMethodAccessorImpl.invoke(DelegatingMethodAccessorImpl.java:43)
	at java.base/java.lang.reflect.Method.invoke(Method.java:566)
	at org.apache.maven.surefire.util.ReflectionUtils.invokeMethodWithArray(ReflectionUtils.java:189)
	at org.apache.maven.surefire.booter.ProviderFactory$ProviderProxy.invoke(ProviderFactory.java:165)
	at org.apache.maven.surefire.booter.ProviderFactory.invokeProvider(ProviderFactory.java:85)
	at org.apache.maven.surefire.booter.ForkedBooter.runSuitesInProcess(ForkedBooter.java:115)
	at org.apache.maven.surefire.booter.ForkedBooter.main(ForkedBooter.java:75)
</failure>
    <system-err>1658661668005	geckodriver	INFO	Listening on 127.0.0.1:10606
1658661668038	mozrunner::runner	INFO	Running command: &quot;C:\\Program Files\\Mozilla Firefox\\firefox.exe&quot; &quot;--marionette&quot; &quot;-no-remote&quot; &quot;-profile&quot; &quot;C:\\Users\\toxar\\AppData\\Local\\Temp\\rust_mozprofile4ptl7a&quot;
1658661668575	Marionette	INFO	Marionette enabled
1658661668584	Marionette	INFO	Listening on port 60848
Read port: 60848
1658661669074	RemoteAgent	WARN	TLS certificate errors will be ignored for this session
console.warn: SearchSettings: &quot;get: No settings file exists, new profile?&quot; (new NotFoundError(&quot;Could not open the file at C:\\Users\\toxar\\AppData\\Local\\Temp\\rust_mozprofile4ptl7a\\search.json.mozlz4&quot;, (void 0)))
���. 24, 2022 2:21:11 PM org.openqa.selenium.remote.ProtocolHandshake createSession
INFO: Detected dialect: W3C
1658661672619	Marionette	INFO	Stopped listening on port 60848
</system-err>
  </testcase>
</testsuite>